<?xml version="1.0" encoding="UTF-8"?>
<testsuite xmlns:xsi="http://www.w3.org/2001/XMLSchema-instance" xsi:noNamespaceSchemaLocation="https://maven.apache.org/surefire/maven-surefire-plugin/xsd/surefire-test-report.xsd" name="br.com.fiap.postech.soat.hackathon.service__usuario.UserControllerTest" time="1.062" tests="10" errors="0" skipped="0" failures="0">
  <properties>
    <property name="java.specification.version" value="17"/>
    <property name="sun.jnu.encoding" value="UTF-8"/>
    <property name="java.class.path" value="/home/qrd/Downloads/service--usuario/target/test-classes:/home/qrd/Downloads/service--usuario/target/classes:/home/qrd/.m2/repository/org/springframework/boot/spring-boot-starter-data-jpa/3.0.0/spring-boot-starter-data-jpa-3.0.0.jar:/home/qrd/.m2/repository/org/springframework/boot/spring-boot-starter-aop/3.0.0/spring-boot-starter-aop-3.0.0.jar:/home/qrd/.m2/repository/org/springframework/spring-aop/6.0.2/spring-aop-6.0.2.jar:/home/qrd/.m2/repository/org/aspectj/aspectjweaver/1.9.9.1/aspectjweaver-1.9.9.1.jar:/home/qrd/.m2/repository/org/springframework/boot/spring-boot-starter-jdbc/3.0.0/spring-boot-starter-jdbc-3.0.0.jar:/home/qrd/.m2/repository/com/zaxxer/HikariCP/5.0.1/HikariCP-5.0.1.jar:/home/qrd/.m2/repository/org/springframework/spring-jdbc/6.0.2/spring-jdbc-6.0.2.jar:/home/qrd/.m2/repository/org/hibernate/orm/hibernate-core/6.1.5.Final/hibernate-core-6.1.5.Final.jar:/home/qrd/.m2/repository/jakarta/persistence/jakarta.persistence-api/3.1.0/jakarta.persistence-api-3.1.0.jar:/home/qrd/.m2/repository/jakarta/transaction/jakarta.transaction-api/2.0.1/jakarta.transaction-api-2.0.1.jar:/home/qrd/.m2/repository/org/jboss/logging/jboss-logging/3.5.0.Final/jboss-logging-3.5.0.Final.jar:/home/qrd/.m2/repository/org/hibernate/common/hibernate-commons-annotations/6.0.2.Final/hibernate-commons-annotations-6.0.2.Final.jar:/home/qrd/.m2/repository/org/jboss/jandex/2.4.2.Final/jandex-2.4.2.Final.jar:/home/qrd/.m2/repository/com/fasterxml/classmate/1.5.1/classmate-1.5.1.jar:/home/qrd/.m2/repository/org/glassfish/jaxb/jaxb-runtime/4.0.1/jaxb-runtime-4.0.1.jar:/home/qrd/.m2/repository/org/glassfish/jaxb/jaxb-core/4.0.1/jaxb-core-4.0.1.jar:/home/qrd/.m2/repository/org/eclipse/angus/angus-activation/1.0.0/angus-activation-1.0.0.jar:/home/qrd/.m2/repository/org/glassfish/jaxb/txw2/4.0.1/txw2-4.0.1.jar:/home/qrd/.m2/repository/com/sun/istack/istack-commons-runtime/4.1.1/istack-commons-runtime-4.1.1.jar:/home/qrd/.m2/repository/jakarta/inject/jakarta.inject-api/2.0.0/jakarta.inject-api-2.0.0.jar:/home/qrd/.m2/repository/org/antlr/antlr4-runtime/4.10.1/antlr4-runtime-4.10.1.jar:/home/qrd/.m2/repository/org/springframework/data/spring-data-jpa/3.0.0/spring-data-jpa-3.0.0.jar:/home/qrd/.m2/repository/org/springframework/data/spring-data-commons/3.0.0/spring-data-commons-3.0.0.jar:/home/qrd/.m2/repository/org/springframework/spring-orm/6.0.2/spring-orm-6.0.2.jar:/home/qrd/.m2/repository/org/springframework/spring-context/6.0.2/spring-context-6.0.2.jar:/home/qrd/.m2/repository/org/springframework/spring-tx/6.0.2/spring-tx-6.0.2.jar:/home/qrd/.m2/repository/org/springframework/spring-beans/6.0.2/spring-beans-6.0.2.jar:/home/qrd/.m2/repository/jakarta/annotation/jakarta.annotation-api/2.1.1/jakarta.annotation-api-2.1.1.jar:/home/qrd/.m2/repository/org/slf4j/slf4j-api/2.0.4/slf4j-api-2.0.4.jar:/home/qrd/.m2/repository/org/springframework/spring-aspects/6.0.2/spring-aspects-6.0.2.jar:/home/qrd/.m2/repository/org/springframework/boot/spring-boot-starter-validation/3.0.0/spring-boot-starter-validation-3.0.0.jar:/home/qrd/.m2/repository/org/springframework/boot/spring-boot-starter/3.0.0/spring-boot-starter-3.0.0.jar:/home/qrd/.m2/repository/org/springframework/boot/spring-boot/3.0.0/spring-boot-3.0.0.jar:/home/qrd/.m2/repository/org/springframework/boot/spring-boot-autoconfigure/3.0.0/spring-boot-autoconfigure-3.0.0.jar:/home/qrd/.m2/repository/org/springframework/boot/spring-boot-starter-logging/3.0.0/spring-boot-starter-logging-3.0.0.jar:/home/qrd/.m2/repository/ch/qos/logback/logback-classic/1.4.5/logback-classic-1.4.5.jar:/home/qrd/.m2/repository/ch/qos/logback/logback-core/1.4.5/logback-core-1.4.5.jar:/home/qrd/.m2/repository/org/apache/logging/log4j/log4j-to-slf4j/2.19.0/log4j-to-slf4j-2.19.0.jar:/home/qrd/.m2/repository/org/apache/logging/log4j/log4j-api/2.19.0/log4j-api-2.19.0.jar:/home/qrd/.m2/repository/org/slf4j/jul-to-slf4j/2.0.4/jul-to-slf4j-2.0.4.jar:/home/qrd/.m2/repository/org/yaml/snakeyaml/1.33/snakeyaml-1.33.jar:/home/qrd/.m2/repository/org/apache/tomcat/embed/tomcat-embed-el/10.1.1/tomcat-embed-el-10.1.1.jar:/home/qrd/.m2/repository/org/hibernate/validator/hibernate-validator/8.0.0.Final/hibernate-validator-8.0.0.Final.jar:/home/qrd/.m2/repository/jakarta/validation/jakarta.validation-api/3.0.2/jakarta.validation-api-3.0.2.jar:/home/qrd/.m2/repository/org/springframework/boot/spring-boot-starter-web/3.0.0/spring-boot-starter-web-3.0.0.jar:/home/qrd/.m2/repository/org/springframework/boot/spring-boot-starter-json/3.0.0/spring-boot-starter-json-3.0.0.jar:/home/qrd/.m2/repository/com/fasterxml/jackson/core/jackson-databind/2.14.1/jackson-databind-2.14.1.jar:/home/qrd/.m2/repository/com/fasterxml/jackson/core/jackson-annotations/2.14.1/jackson-annotations-2.14.1.jar:/home/qrd/.m2/repository/com/fasterxml/jackson/core/jackson-core/2.14.1/jackson-core-2.14.1.jar:/home/qrd/.m2/repository/com/fasterxml/jackson/datatype/jackson-datatype-jdk8/2.14.1/jackson-datatype-jdk8-2.14.1.jar:/home/qrd/.m2/repository/com/fasterxml/jackson/datatype/jackson-datatype-jsr310/2.14.1/jackson-datatype-jsr310-2.14.1.jar:/home/qrd/.m2/repository/com/fasterxml/jackson/module/jackson-module-parameter-names/2.14.1/jackson-module-parameter-names-2.14.1.jar:/home/qrd/.m2/repository/org/springframework/boot/spring-boot-starter-tomcat/3.0.0/spring-boot-starter-tomcat-3.0.0.jar:/home/qrd/.m2/repository/org/apache/tomcat/embed/tomcat-embed-core/10.1.1/tomcat-embed-core-10.1.1.jar:/home/qrd/.m2/repository/org/apache/tomcat/embed/tomcat-embed-websocket/10.1.1/tomcat-embed-websocket-10.1.1.jar:/home/qrd/.m2/repository/org/springframework/spring-web/6.0.2/spring-web-6.0.2.jar:/home/qrd/.m2/repository/io/micrometer/micrometer-observation/1.10.2/micrometer-observation-1.10.2.jar:/home/qrd/.m2/repository/io/micrometer/micrometer-commons/1.10.2/micrometer-commons-1.10.2.jar:/home/qrd/.m2/repository/org/springframework/spring-webmvc/6.0.2/spring-webmvc-6.0.2.jar:/home/qrd/.m2/repository/org/springframework/spring-expression/6.0.2/spring-expression-6.0.2.jar:/home/qrd/.m2/repository/com/amazonaws/aws-java-sdk-dynamodb/1.12.772/aws-java-sdk-dynamodb-1.12.772.jar:/home/qrd/.m2/repository/com/amazonaws/aws-java-sdk-s3/1.12.772/aws-java-sdk-s3-1.12.772.jar:/home/qrd/.m2/repository/com/amazonaws/aws-java-sdk-kms/1.12.772/aws-java-sdk-kms-1.12.772.jar:/home/qrd/.m2/repository/com/amazonaws/aws-java-sdk-core/1.12.772/aws-java-sdk-core-1.12.772.jar:/home/qrd/.m2/repository/commons-logging/commons-logging/1.1.3/commons-logging-1.1.3.jar:/home/qrd/.m2/repository/commons-codec/commons-codec/1.15/commons-codec-1.15.jar:/home/qrd/.m2/repository/org/apache/httpcomponents/httpclient/4.5.13/httpclient-4.5.13.jar:/home/qrd/.m2/repository/org/apache/httpcomponents/httpcore/4.4.15/httpcore-4.4.15.jar:/home/qrd/.m2/repository/com/fasterxml/jackson/dataformat/jackson-dataformat-cbor/2.14.1/jackson-dataformat-cbor-2.14.1.jar:/home/qrd/.m2/repository/joda-time/joda-time/2.12.7/joda-time-2.12.7.jar:/home/qrd/.m2/repository/com/amazonaws/jmespath-java/1.12.772/jmespath-java-1.12.772.jar:/home/qrd/.m2/repository/org/mockito/mockito-core/4.8.1/mockito-core-4.8.1.jar:/home/qrd/.m2/repository/net/bytebuddy/byte-buddy/1.12.19/byte-buddy-1.12.19.jar:/home/qrd/.m2/repository/net/bytebuddy/byte-buddy-agent/1.12.19/byte-buddy-agent-1.12.19.jar:/home/qrd/.m2/repository/org/objenesis/objenesis/3.2/objenesis-3.2.jar:/home/qrd/.m2/repository/org/projectlombok/lombok/1.18.24/lombok-1.18.24.jar:/home/qrd/.m2/repository/org/springframework/boot/spring-boot-starter-test/3.0.0/spring-boot-starter-test-3.0.0.jar:/home/qrd/.m2/repository/org/springframework/boot/spring-boot-test/3.0.0/spring-boot-test-3.0.0.jar:/home/qrd/.m2/repository/org/springframework/boot/spring-boot-test-autoconfigure/3.0.0/spring-boot-test-autoconfigure-3.0.0.jar:/home/qrd/.m2/repository/com/jayway/jsonpath/json-path/2.7.0/json-path-2.7.0.jar:/home/qrd/.m2/repository/net/minidev/json-smart/2.4.8/json-smart-2.4.8.jar:/home/qrd/.m2/repository/net/minidev/accessors-smart/2.4.8/accessors-smart-2.4.8.jar:/home/qrd/.m2/repository/org/ow2/asm/asm/9.1/asm-9.1.jar:/home/qrd/.m2/repository/jakarta/xml/bind/jakarta.xml.bind-api/4.0.0/jakarta.xml.bind-api-4.0.0.jar:/home/qrd/.m2/repository/jakarta/activation/jakarta.activation-api/2.1.0/jakarta.activation-api-2.1.0.jar:/home/qrd/.m2/repository/org/assertj/assertj-core/3.23.1/assertj-core-3.23.1.jar:/home/qrd/.m2/repository/org/hamcrest/hamcrest/2.2/hamcrest-2.2.jar:/home/qrd/.m2/repository/org/junit/jupiter/junit-jupiter/5.9.1/junit-jupiter-5.9.1.jar:/home/qrd/.m2/repository/org/junit/jupiter/junit-jupiter-api/5.9.1/junit-jupiter-api-5.9.1.jar:/home/qrd/.m2/repository/org/opentest4j/opentest4j/1.2.0/opentest4j-1.2.0.jar:/home/qrd/.m2/repository/org/junit/platform/junit-platform-commons/1.9.1/junit-platform-commons-1.9.1.jar:/home/qrd/.m2/repository/org/apiguardian/apiguardian-api/1.1.2/apiguardian-api-1.1.2.jar:/home/qrd/.m2/repository/org/junit/jupiter/junit-jupiter-params/5.9.1/junit-jupiter-params-5.9.1.jar:/home/qrd/.m2/repository/org/junit/jupiter/junit-jupiter-engine/5.9.1/junit-jupiter-engine-5.9.1.jar:/home/qrd/.m2/repository/org/junit/platform/junit-platform-engine/1.9.1/junit-platform-engine-1.9.1.jar:/home/qrd/.m2/repository/org/mockito/mockito-junit-jupiter/4.8.1/mockito-junit-jupiter-4.8.1.jar:/home/qrd/.m2/repository/org/skyscreamer/jsonassert/1.5.1/jsonassert-1.5.1.jar:/home/qrd/.m2/repository/com/vaadin/external/google/android-json/0.0.20131108.vaadin1/android-json-0.0.20131108.vaadin1.jar:/home/qrd/.m2/repository/org/springframework/spring-core/6.0.2/spring-core-6.0.2.jar:/home/qrd/.m2/repository/org/springframework/spring-jcl/6.0.2/spring-jcl-6.0.2.jar:/home/qrd/.m2/repository/org/springframework/spring-test/6.0.2/spring-test-6.0.2.jar:/home/qrd/.m2/repository/org/xmlunit/xmlunit-core/2.9.0/xmlunit-core-2.9.0.jar:"/>
    <property name="java.vm.vendor" value="Ubuntu"/>
    <property name="sun.arch.data.model" value="64"/>
    <property name="java.vendor.url" value="https://ubuntu.com/"/>
    <property name="os.name" value="Linux"/>
    <property name="java.vm.specification.version" value="17"/>
    <property name="sun.java.launcher" value="SUN_STANDARD"/>
    <property name="user.country" value="US"/>
    <property name="sun.boot.library.path" value="/usr/lib/jvm/java-17-openjdk-amd64/lib"/>
    <property name="sun.java.command" value="/home/qrd/Downloads/service--usuario/target/surefire/surefirebooter11637481018583340478.jar /home/qrd/Downloads/service--usuario/target/surefire 2024-09-21T18-13-45_852-jvmRun1 surefire180988223044555836tmp surefire_012921708057562991354tmp"/>
    <property name="jdk.debug" value="release"/>
    <property name="surefire.test.class.path" value="/home/qrd/Downloads/service--usuario/target/test-classes:/home/qrd/Downloads/service--usuario/target/classes:/home/qrd/.m2/repository/org/springframework/boot/spring-boot-starter-data-jpa/3.0.0/spring-boot-starter-data-jpa-3.0.0.jar:/home/qrd/.m2/repository/org/springframework/boot/spring-boot-starter-aop/3.0.0/spring-boot-starter-aop-3.0.0.jar:/home/qrd/.m2/repository/org/springframework/spring-aop/6.0.2/spring-aop-6.0.2.jar:/home/qrd/.m2/repository/org/aspectj/aspectjweaver/1.9.9.1/aspectjweaver-1.9.9.1.jar:/home/qrd/.m2/repository/org/springframework/boot/spring-boot-starter-jdbc/3.0.0/spring-boot-starter-jdbc-3.0.0.jar:/home/qrd/.m2/repository/com/zaxxer/HikariCP/5.0.1/HikariCP-5.0.1.jar:/home/qrd/.m2/repository/org/springframework/spring-jdbc/6.0.2/spring-jdbc-6.0.2.jar:/home/qrd/.m2/repository/org/hibernate/orm/hibernate-core/6.1.5.Final/hibernate-core-6.1.5.Final.jar:/home/qrd/.m2/repository/jakarta/persistence/jakarta.persistence-api/3.1.0/jakarta.persistence-api-3.1.0.jar:/home/qrd/.m2/repository/jakarta/transaction/jakarta.transaction-api/2.0.1/jakarta.transaction-api-2.0.1.jar:/home/qrd/.m2/repository/org/jboss/logging/jboss-logging/3.5.0.Final/jboss-logging-3.5.0.Final.jar:/home/qrd/.m2/repository/org/hibernate/common/hibernate-commons-annotations/6.0.2.Final/hibernate-commons-annotations-6.0.2.Final.jar:/home/qrd/.m2/repository/org/jboss/jandex/2.4.2.Final/jandex-2.4.2.Final.jar:/home/qrd/.m2/repository/com/fasterxml/classmate/1.5.1/classmate-1.5.1.jar:/home/qrd/.m2/repository/org/glassfish/jaxb/jaxb-runtime/4.0.1/jaxb-runtime-4.0.1.jar:/home/qrd/.m2/repository/org/glassfish/jaxb/jaxb-core/4.0.1/jaxb-core-4.0.1.jar:/home/qrd/.m2/repository/org/eclipse/angus/angus-activation/1.0.0/angus-activation-1.0.0.jar:/home/qrd/.m2/repository/org/glassfish/jaxb/txw2/4.0.1/txw2-4.0.1.jar:/home/qrd/.m2/repository/com/sun/istack/istack-commons-runtime/4.1.1/istack-commons-runtime-4.1.1.jar:/home/qrd/.m2/repository/jakarta/inject/jakarta.inject-api/2.0.0/jakarta.inject-api-2.0.0.jar:/home/qrd/.m2/repository/org/antlr/antlr4-runtime/4.10.1/antlr4-runtime-4.10.1.jar:/home/qrd/.m2/repository/org/springframework/data/spring-data-jpa/3.0.0/spring-data-jpa-3.0.0.jar:/home/qrd/.m2/repository/org/springframework/data/spring-data-commons/3.0.0/spring-data-commons-3.0.0.jar:/home/qrd/.m2/repository/org/springframework/spring-orm/6.0.2/spring-orm-6.0.2.jar:/home/qrd/.m2/repository/org/springframework/spring-context/6.0.2/spring-context-6.0.2.jar:/home/qrd/.m2/repository/org/springframework/spring-tx/6.0.2/spring-tx-6.0.2.jar:/home/qrd/.m2/repository/org/springframework/spring-beans/6.0.2/spring-beans-6.0.2.jar:/home/qrd/.m2/repository/jakarta/annotation/jakarta.annotation-api/2.1.1/jakarta.annotation-api-2.1.1.jar:/home/qrd/.m2/repository/org/slf4j/slf4j-api/2.0.4/slf4j-api-2.0.4.jar:/home/qrd/.m2/repository/org/springframework/spring-aspects/6.0.2/spring-aspects-6.0.2.jar:/home/qrd/.m2/repository/org/springframework/boot/spring-boot-starter-validation/3.0.0/spring-boot-starter-validation-3.0.0.jar:/home/qrd/.m2/repository/org/springframework/boot/spring-boot-starter/3.0.0/spring-boot-starter-3.0.0.jar:/home/qrd/.m2/repository/org/springframework/boot/spring-boot/3.0.0/spring-boot-3.0.0.jar:/home/qrd/.m2/repository/org/springframework/boot/spring-boot-autoconfigure/3.0.0/spring-boot-autoconfigure-3.0.0.jar:/home/qrd/.m2/repository/org/springframework/boot/spring-boot-starter-logging/3.0.0/spring-boot-starter-logging-3.0.0.jar:/home/qrd/.m2/repository/ch/qos/logback/logback-classic/1.4.5/logback-classic-1.4.5.jar:/home/qrd/.m2/repository/ch/qos/logback/logback-core/1.4.5/logback-core-1.4.5.jar:/home/qrd/.m2/repository/org/apache/logging/log4j/log4j-to-slf4j/2.19.0/log4j-to-slf4j-2.19.0.jar:/home/qrd/.m2/repository/org/apache/logging/log4j/log4j-api/2.19.0/log4j-api-2.19.0.jar:/home/qrd/.m2/repository/org/slf4j/jul-to-slf4j/2.0.4/jul-to-slf4j-2.0.4.jar:/home/qrd/.m2/repository/org/yaml/snakeyaml/1.33/snakeyaml-1.33.jar:/home/qrd/.m2/repository/org/apache/tomcat/embed/tomcat-embed-el/10.1.1/tomcat-embed-el-10.1.1.jar:/home/qrd/.m2/repository/org/hibernate/validator/hibernate-validator/8.0.0.Final/hibernate-validator-8.0.0.Final.jar:/home/qrd/.m2/repository/jakarta/validation/jakarta.validation-api/3.0.2/jakarta.validation-api-3.0.2.jar:/home/qrd/.m2/repository/org/springframework/boot/spring-boot-starter-web/3.0.0/spring-boot-starter-web-3.0.0.jar:/home/qrd/.m2/repository/org/springframework/boot/spring-boot-starter-json/3.0.0/spring-boot-starter-json-3.0.0.jar:/home/qrd/.m2/repository/com/fasterxml/jackson/core/jackson-databind/2.14.1/jackson-databind-2.14.1.jar:/home/qrd/.m2/repository/com/fasterxml/jackson/core/jackson-annotations/2.14.1/jackson-annotations-2.14.1.jar:/home/qrd/.m2/repository/com/fasterxml/jackson/core/jackson-core/2.14.1/jackson-core-2.14.1.jar:/home/qrd/.m2/repository/com/fasterxml/jackson/datatype/jackson-datatype-jdk8/2.14.1/jackson-datatype-jdk8-2.14.1.jar:/home/qrd/.m2/repository/com/fasterxml/jackson/datatype/jackson-datatype-jsr310/2.14.1/jackson-datatype-jsr310-2.14.1.jar:/home/qrd/.m2/repository/com/fasterxml/jackson/module/jackson-module-parameter-names/2.14.1/jackson-module-parameter-names-2.14.1.jar:/home/qrd/.m2/repository/org/springframework/boot/spring-boot-starter-tomcat/3.0.0/spring-boot-starter-tomcat-3.0.0.jar:/home/qrd/.m2/repository/org/apache/tomcat/embed/tomcat-embed-core/10.1.1/tomcat-embed-core-10.1.1.jar:/home/qrd/.m2/repository/org/apache/tomcat/embed/tomcat-embed-websocket/10.1.1/tomcat-embed-websocket-10.1.1.jar:/home/qrd/.m2/repository/org/springframework/spring-web/6.0.2/spring-web-6.0.2.jar:/home/qrd/.m2/repository/io/micrometer/micrometer-observation/1.10.2/micrometer-observation-1.10.2.jar:/home/qrd/.m2/repository/io/micrometer/micrometer-commons/1.10.2/micrometer-commons-1.10.2.jar:/home/qrd/.m2/repository/org/springframework/spring-webmvc/6.0.2/spring-webmvc-6.0.2.jar:/home/qrd/.m2/repository/org/springframework/spring-expression/6.0.2/spring-expression-6.0.2.jar:/home/qrd/.m2/repository/com/amazonaws/aws-java-sdk-dynamodb/1.12.772/aws-java-sdk-dynamodb-1.12.772.jar:/home/qrd/.m2/repository/com/amazonaws/aws-java-sdk-s3/1.12.772/aws-java-sdk-s3-1.12.772.jar:/home/qrd/.m2/repository/com/amazonaws/aws-java-sdk-kms/1.12.772/aws-java-sdk-kms-1.12.772.jar:/home/qrd/.m2/repository/com/amazonaws/aws-java-sdk-core/1.12.772/aws-java-sdk-core-1.12.772.jar:/home/qrd/.m2/repository/commons-logging/commons-logging/1.1.3/commons-logging-1.1.3.jar:/home/qrd/.m2/repository/commons-codec/commons-codec/1.15/commons-codec-1.15.jar:/home/qrd/.m2/repository/org/apache/httpcomponents/httpclient/4.5.13/httpclient-4.5.13.jar:/home/qrd/.m2/repository/org/apache/httpcomponents/httpcore/4.4.15/httpcore-4.4.15.jar:/home/qrd/.m2/repository/com/fasterxml/jackson/dataformat/jackson-dataformat-cbor/2.14.1/jackson-dataformat-cbor-2.14.1.jar:/home/qrd/.m2/repository/joda-time/joda-time/2.12.7/joda-time-2.12.7.jar:/home/qrd/.m2/repository/com/amazonaws/jmespath-java/1.12.772/jmespath-java-1.12.772.jar:/home/qrd/.m2/repository/org/mockito/mockito-core/4.8.1/mockito-core-4.8.1.jar:/home/qrd/.m2/repository/net/bytebuddy/byte-buddy/1.12.19/byte-buddy-1.12.19.jar:/home/qrd/.m2/repository/net/bytebuddy/byte-buddy-agent/1.12.19/byte-buddy-agent-1.12.19.jar:/home/qrd/.m2/repository/org/objenesis/objenesis/3.2/objenesis-3.2.jar:/home/qrd/.m2/repository/org/projectlombok/lombok/1.18.24/lombok-1.18.24.jar:/home/qrd/.m2/repository/org/springframework/boot/spring-boot-starter-test/3.0.0/spring-boot-starter-test-3.0.0.jar:/home/qrd/.m2/repository/org/springframework/boot/spring-boot-test/3.0.0/spring-boot-test-3.0.0.jar:/home/qrd/.m2/repository/org/springframework/boot/spring-boot-test-autoconfigure/3.0.0/spring-boot-test-autoconfigure-3.0.0.jar:/home/qrd/.m2/repository/com/jayway/jsonpath/json-path/2.7.0/json-path-2.7.0.jar:/home/qrd/.m2/repository/net/minidev/json-smart/2.4.8/json-smart-2.4.8.jar:/home/qrd/.m2/repository/net/minidev/accessors-smart/2.4.8/accessors-smart-2.4.8.jar:/home/qrd/.m2/repository/org/ow2/asm/asm/9.1/asm-9.1.jar:/home/qrd/.m2/repository/jakarta/xml/bind/jakarta.xml.bind-api/4.0.0/jakarta.xml.bind-api-4.0.0.jar:/home/qrd/.m2/repository/jakarta/activation/jakarta.activation-api/2.1.0/jakarta.activation-api-2.1.0.jar:/home/qrd/.m2/repository/org/assertj/assertj-core/3.23.1/assertj-core-3.23.1.jar:/home/qrd/.m2/repository/org/hamcrest/hamcrest/2.2/hamcrest-2.2.jar:/home/qrd/.m2/repository/org/junit/jupiter/junit-jupiter/5.9.1/junit-jupiter-5.9.1.jar:/home/qrd/.m2/repository/org/junit/jupiter/junit-jupiter-api/5.9.1/junit-jupiter-api-5.9.1.jar:/home/qrd/.m2/repository/org/opentest4j/opentest4j/1.2.0/opentest4j-1.2.0.jar:/home/qrd/.m2/repository/org/junit/platform/junit-platform-commons/1.9.1/junit-platform-commons-1.9.1.jar:/home/qrd/.m2/repository/org/apiguardian/apiguardian-api/1.1.2/apiguardian-api-1.1.2.jar:/home/qrd/.m2/repository/org/junit/jupiter/junit-jupiter-params/5.9.1/junit-jupiter-params-5.9.1.jar:/home/qrd/.m2/repository/org/junit/jupiter/junit-jupiter-engine/5.9.1/junit-jupiter-engine-5.9.1.jar:/home/qrd/.m2/repository/org/junit/platform/junit-platform-engine/1.9.1/junit-platform-engine-1.9.1.jar:/home/qrd/.m2/repository/org/mockito/mockito-junit-jupiter/4.8.1/mockito-junit-jupiter-4.8.1.jar:/home/qrd/.m2/repository/org/skyscreamer/jsonassert/1.5.1/jsonassert-1.5.1.jar:/home/qrd/.m2/repository/com/vaadin/external/google/android-json/0.0.20131108.vaadin1/android-json-0.0.20131108.vaadin1.jar:/home/qrd/.m2/repository/org/springframework/spring-core/6.0.2/spring-core-6.0.2.jar:/home/qrd/.m2/repository/org/springframework/spring-jcl/6.0.2/spring-jcl-6.0.2.jar:/home/qrd/.m2/repository/org/springframework/spring-test/6.0.2/spring-test-6.0.2.jar:/home/qrd/.m2/repository/org/xmlunit/xmlunit-core/2.9.0/xmlunit-core-2.9.0.jar:"/>
    <property name="sun.cpu.endian" value="little"/>
    <property name="user.home" value="/home/qrd"/>
    <property name="user.language" value="en"/>
    <property name="java.specification.vendor" value="Oracle Corporation"/>
    <property name="java.version.date" value="2024-07-16"/>
    <property name="java.home" value="/usr/lib/jvm/java-17-openjdk-amd64"/>
    <property name="file.separator" value="/"/>
    <property name="basedir" value="/home/qrd/Downloads/service--usuario"/>
    <property name="java.vm.compressedOopsMode" value="Zero based"/>
    <property name="line.separator" value="&#10;"/>
    <property name="java.vm.specification.vendor" value="Oracle Corporation"/>
    <property name="java.specification.name" value="Java Platform API Specification"/>
    <property name="surefire.real.class.path" value="/home/qrd/Downloads/service--usuario/target/surefire/surefirebooter11637481018583340478.jar"/>
    <property name="sun.management.compiler" value="HotSpot 64-Bit Tiered Compilers"/>
    <property name="java.runtime.version" value="17.0.12+7-Ubuntu-1ubuntu224.04"/>
    <property name="user.name" value="qrd"/>
    <property name="path.separator" value=":"/>
    <property name="os.version" value="6.8.0-45-generic"/>
    <property name="java.runtime.name" value="OpenJDK Runtime Environment"/>
    <property name="file.encoding" value="UTF-8"/>
    <property name="java.vm.name" value="OpenJDK 64-Bit Server VM"/>
    <property name="localRepository" value="/home/qrd/.m2/repository"/>
    <property name="java.vendor.url.bug" value="https://bugs.launchpad.net/ubuntu/+source/openjdk-17"/>
    <property name="java.io.tmpdir" value="/tmp"/>
    <property name="java.version" value="17.0.12"/>
    <property name="user.dir" value="/home/qrd/Downloads/service--usuario"/>
    <property name="os.arch" value="amd64"/>
    <property name="java.vm.specification.name" value="Java Virtual Machine Specification"/>
    <property name="native.encoding" value="UTF-8"/>
    <property name="java.library.path" value="/usr/java/packages/lib:/usr/lib/x86_64-linux-gnu/jni:/lib/x86_64-linux-gnu:/usr/lib/x86_64-linux-gnu:/usr/lib/jni:/lib:/usr/lib"/>
    <property name="java.vm.info" value="mixed mode, sharing"/>
    <property name="java.vendor" value="Ubuntu"/>
    <property name="java.vm.version" value="17.0.12+7-Ubuntu-1ubuntu224.04"/>
    <property name="sun.io.unicode.encoding" value="UnicodeLittle"/>
    <property name="java.class.version" value="61.0"/>
  </properties>
  <testcase name="testGetUserById_NotFound" classname="br.com.fiap.postech.soat.hackathon.service__usuario.UserControllerTest" time="0.813"/>
  <testcase name="testGetUserByCrm_Success" classname="br.com.fiap.postech.soat.hackathon.service__usuario.UserControllerTest" time="0.025"/>
  <testcase name="testGetAllUsers" classname="br.com.fiap.postech.soat.hackathon.service__usuario.UserControllerTest" time="0.018"/>
  <testcase name="testUpdateUser" classname="br.com.fiap.postech.soat.hackathon.service__usuario.UserControllerTest" time="0.026"/>
  <testcase name="testGetUserByCrm_NotFound" classname="br.com.fiap.postech.soat.hackathon.service__usuario.UserControllerTest" time="0.032"/>
  <testcase name="testGetUserByDocumento_Success" classname="br.com.fiap.postech.soat.hackathon.service__usuario.UserControllerTest" time="0.028"/>
  <testcase name="testCreateUser" classname="br.com.fiap.postech.soat.hackathon.service__usuario.UserControllerTest" time="0.028"/>
  <testcase name="testDeleteUser" classname="br.com.fiap.postech.soat.hackathon.service__usuario.UserControllerTest" time="0.026"/>
  <testcase name="testGetUserByDocumento_NotFound" classname="br.com.fiap.postech.soat.hackathon.service__usuario.UserControllerTest" time="0.026"/>
  <testcase name="testGetUserById_Success" classname="br.com.fiap.postech.soat.hackathon.service__usuario.UserControllerTest" time="0.028"/>
</testsuite>